<?xml version="1.0" encoding="UTF-8"?>
<!-- Generated by org.testng.reporters.JUnitReportReporter -->
<testsuite hostname="SDWAN-LAP" failures="0" tests="1" name="Selinium_Git.Selenium_git" time="0.010" errors="0" timestamp="29 Sep 2025 04:58:07 GMT">
  <testcase classname="Selinium_Git.Selenium_git" name="f" time="0.010"/>
</testsuite> <!-- Selinium_Git.Selenium_git -->
